# JRE version: Java(TM) SE Runtime Environment (8.0_291-b10) (build 1.8.0_291-b10)
# Java VM: Java HotSpot(TM) 64-Bit Server VM (25.291-b10 mixed mode windows-amd64 compressed oops)
Heap:
 PSYoungGen      total 57344K, used 40532K [0x00000000eb400000, 0x00000000ef900000, 0x0000000100000000)
  eden space 54784K, 69% used [0x00000000eb400000,0x00000000ed919a88,0x00000000ee980000)
  from space 2560K, 99% used [0x00000000ef680000,0x00000000ef8fb8e0,0x00000000ef900000)
  to   space 2560K, 0% used [0x00000000ef400000,0x00000000ef400000,0x00000000ef680000)
 ParOldGen       total 90624K, used 57074K [0x00000000c1c00000, 0x00000000c7480000, 0x00000000eb400000)
  object space 90624K, 62% used [0x00000000c1c00000,0x00000000c53bc9d8,0x00000000c7480000)
 Metaspace       used 18922K, capacity 19156K, committed 19456K, reserved 1067008K
  class space    used 2397K, capacity 2475K, committed 2560K, reserved 1048576K
GC Heap History (10 events):
Event: 0.530 GC heap before
{Heap before GC invocations=1 (full 0):
 PSYoungGen      total 18944K, used 16384K [0x00000000eb400000, 0x00000000ec900000, 0x0000000100000000)
  eden space 16384K, 100% used [0x00000000eb400000,0x00000000ec400000,0x00000000ec400000)
  from space 2560K, 0% used [0x00000000ec680000,0x00000000ec680000,0x00000000ec900000)
  to   space 2560K, 0% used [0x00000000ec400000,0x00000000ec400000,0x00000000ec680000)
 ParOldGen       total 44032K, used 0K [0x00000000c1c00000, 0x00000000c4700000, 0x00000000eb400000)
  object space 44032K, 0% used [0x00000000c1c00000,0x00000000c1c00000,0x00000000c4700000)
 Metaspace       used 10476K, capacity 10662K, committed 11008K, reserved 1058816K
  class space    used 1361K, capacity 1443K, committed 1536K, reserved 1048576K
Event: 0.538 GC heap after
Heap after GC invocations=1 (full 0):
 PSYoungGen      total 18944K, used 2544K [0x00000000eb400000, 0x00000000ed900000, 0x0000000100000000)
  eden space 16384K, 0% used [0x00000000eb400000,0x00000000eb400000,0x00000000ec400000)
  from space 2560K, 99% used [0x00000000ec400000,0x00000000ec67c020,0x00000000ec680000)
  to   space 2560K, 0% used [0x00000000ed680000,0x00000000ed680000,0x00000000ed900000)
 ParOldGen       total 44032K, used 10744K [0x00000000c1c00000, 0x00000000c4700000, 0x00000000eb400000)
  object space 44032K, 24% used [0x00000000c1c00000,0x00000000c267e2a0,0x00000000c4700000)
 Metaspace       used 10476K, capacity 10662K, committed 11008K, reserved 1058816K
  class space    used 1361K, capacity 1443K, committed 1536K, reserved 1048576K
}
Event: 0.647 GC heap before
{Heap before GC invocations=2 (full 0):
 PSYoungGen      total 18944K, used 18928K [0x00000000eb400000, 0x00000000ed900000, 0x0000000100000000)
  eden space 16384K, 100% used [0x00000000eb400000,0x00000000ec400000,0x00000000ec400000)
  from space 2560K, 99% used [0x00000000ec400000,0x00000000ec67c020,0x00000000ec680000)
  to   space 2560K, 0% used [0x00000000ed680000,0x00000000ed680000,0x00000000ed900000)
 ParOldGen       total 44032K, used 10744K [0x00000000c1c00000, 0x00000000c4700000, 0x00000000eb400000)
  object space 44032K, 24% used [0x00000000c1c00000,0x00000000c267e2a0,0x00000000c4700000)
 Metaspace       used 10540K, capacity 10726K, committed 11008K, reserved 1058816K
  class space    used 1363K, capacity 1443K, committed 1536K, reserved 1048576K
Event: 0.656 GC heap after
Heap after GC invocations=2 (full 0):
 PSYoungGen      total 35328K, used 2559K [0x00000000eb400000, 0x00000000ed900000, 0x0000000100000000)
  eden space 32768K, 0% used [0x00000000eb400000,0x00000000eb400000,0x00000000ed400000)
  from space 2560K, 99% used [0x00000000ed680000,0x00000000ed8ffe40,0x00000000ed900000)
  to   space 2560K, 0% used [0x00000000ed400000,0x00000000ed400000,0x00000000ed680000)
 ParOldGen       total 44032K, used 25590K [0x00000000c1c00000, 0x00000000c4700000, 0x00000000eb400000)
  object space 44032K, 58% used [0x00000000c1c00000,0x00000000c34fdb90,0x00000000c4700000)
 Metaspace       used 10540K, capacity 10726K, committed 11008K, reserved 1058816K
  class space    used 1363K, capacity 1443K, committed 1536K, reserved 1048576K
}
Event: 0.850 GC heap before
{Heap before GC invocations=3 (full 0):
 PSYoungGen      total 35328K, used 35327K [0x00000000eb400000, 0x00000000ed900000, 0x0000000100000000)
  eden space 32768K, 100% used [0x00000000eb400000,0x00000000ed400000,0x00000000ed400000)
  from space 2560K, 99% used [0x00000000ed680000,0x00000000ed8ffe40,0x00000000ed900000)
  to   space 2560K, 0% used [0x00000000ed400000,0x00000000ed400000,0x00000000ed680000)
 ParOldGen       total 44032K, used 25590K [0x00000000c1c00000, 0x00000000c4700000, 0x00000000eb400000)
  object space 44032K, 58% used [0x00000000c1c00000,0x00000000c34fdb90,0x00000000c4700000)
 Metaspace       used 10564K, capacity 10726K, committed 11008K, reserved 1058816K
  class space    used 1363K, capacity 1443K, committed 1536K, reserved 1048576K
Event: 0.864 GC heap after
Heap after GC invocations=3 (full 0):
 PSYoungGen      total 35328K, used 2544K [0x00000000eb400000, 0x00000000ef900000, 0x0000000100000000)
  eden space 32768K, 0% used [0x00000000eb400000,0x00000000eb400000,0x00000000ed400000)
  from space 2560K, 99% used [0x00000000ed400000,0x00000000ed67c020,0x00000000ed680000)
  to   space 2560K, 0% used [0x00000000ef680000,0x00000000ef680000,0x00000000ef900000)
 ParOldGen       total 55296K, used 54757K [0x00000000c1c00000, 0x00000000c5200000, 0x00000000eb400000)
  object space 55296K, 99% used [0x00000000c1c00000,0x00000000c51794f0,0x00000000c5200000)
 Metaspace       used 10564K, capacity 10726K, committed 11008K, reserved 1058816K
  class space    used 1363K, capacity 1443K, committed 1536K, reserved 1048576K
}
Event: 0.864 GC heap before
{Heap before GC invocations=4 (full 1):
 PSYoungGen      total 35328K, used 2544K [0x00000000eb400000, 0x00000000ef900000, 0x0000000100000000)
  eden space 32768K, 0% used [0x00000000eb400000,0x00000000eb400000,0x00000000ed400000)
  from space 2560K, 99% used [0x00000000ed400000,0x00000000ed67c020,0x00000000ed680000)
  to   space 2560K, 0% used [0x00000000ef680000,0x00000000ef680000,0x00000000ef900000)
 ParOldGen       total 55296K, used 54757K [0x00000000c1c00000, 0x00000000c5200000, 0x00000000eb400000)
  object space 55296K, 99% used [0x00000000c1c00000,0x00000000c51794f0,0x00000000c5200000)
 Metaspace       used 10564K, capacity 10726K, committed 11008K, reserved 1058816K
  class space    used 1363K, capacity 1443K, committed 1536K, reserved 1048576K
Event: 0.884 GC heap after
Heap after GC invocations=4 (full 1):
 PSYoungGen      total 35328K, used 0K [0x00000000eb400000, 0x00000000ef900000, 0x0000000100000000)
  eden space 32768K, 0% used [0x00000000eb400000,0x00000000eb400000,0x00000000ed400000)
  from space 2560K, 0% used [0x00000000ed400000,0x00000000ed400000,0x00000000ed680000)
  to   space 2560K, 0% used [0x00000000ef680000,0x00000000ef680000,0x00000000ef900000)
 ParOldGen       total 90624K, used 37659K [0x00000000c1c00000, 0x00000000c7480000, 0x00000000eb400000)
  object space 90624K, 41% used [0x00000000c1c00000,0x00000000c40c6cb8,0x00000000c7480000)
 Metaspace       used 10564K, capacity 10726K, committed 11008K, reserved 1058816K
  class space    used 1363K, capacity 1443K, committed 1536K, reserved 1048576K
}
Event: 1.321 GC heap before
{Heap before GC invocations=5 (full 1):
 PSYoungGen      total 35328K, used 32768K [0x00000000eb400000, 0x00000000ef900000, 0x0000000100000000)
  eden space 32768K, 100% used [0x00000000eb400000,0x00000000ed400000,0x00000000ed400000)
  from space 2560K, 0% used [0x00000000ed400000,0x00000000ed400000,0x00000000ed680000)
  to   space 2560K, 0% used [0x00000000ef680000,0x00000000ef680000,0x00000000ef900000)
 ParOldGen       total 90624K, used 37659K [0x00000000c1c00000, 0x00000000c7480000, 0x00000000eb400000)
  object space 90624K, 41% used [0x00000000c1c00000,0x00000000c40c6cb8,0x00000000c7480000)
 Metaspace       used 14008K, capacity 14254K, committed 14464K, reserved 1062912K
  class space    used 1770K, capacity 1850K, committed 1920K, reserved 1048576K
Event: 1.330 GC heap after
Heap after GC invocations=5 (full 1):
 PSYoungGen      total 57344K, used 2542K [0x00000000eb400000, 0x00000000ef900000, 0x0000000100000000)
  eden space 54784K, 0% used [0x00000000eb400000,0x00000000eb400000,0x00000000ee980000)
  from space 2560K, 99% used [0x00000000ef680000,0x00000000ef8fb8e0,0x00000000ef900000)
  to   space 2560K, 0% used [0x00000000ef400000,0x00000000ef400000,0x00000000ef680000)
 ParOldGen       total 90624K, used 57074K [0x00000000c1c00000, 0x00000000c7480000, 0x00000000eb400000)
  object space 90624K, 62% used [0x00000000c1c00000,0x00000000c53bc9d8,0x00000000c7480000)
 Metaspace       used 14008K, capacity 14254K, committed 14464K, reserved 1062912K
  class space    used 1770K, capacity 1850K, committed 1920K, reserved 1048576K
}

