# JRE version: Java(TM) SE Runtime Environment (8.0_291-b10) (build 1.8.0_291-b10)
# Java VM: Java HotSpot(TM) 64-Bit Server VM (25.291-b10 mixed mode windows-amd64 compressed oops)
Heap:
 PSYoungGen      total 57344K, used 40448K [0x00000000eb400000, 0x00000000ef900000, 0x0000000100000000)
  eden space 54784K, 69% used [0x00000000eb400000,0x00000000ed905340,0x00000000ee980000)
  from space 2560K, 99% used [0x00000000ef680000,0x00000000ef8fafc0,0x00000000ef900000)
  to   space 2560K, 0% used [0x00000000ef400000,0x00000000ef400000,0x00000000ef680000)
 ParOldGen       total 87040K, used 54851K [0x00000000c1c00000, 0x00000000c7100000, 0x00000000eb400000)
  object space 87040K, 63% used [0x00000000c1c00000,0x00000000c5190d98,0x00000000c7100000)
 Metaspace       used 18908K, capacity 19156K, committed 19456K, reserved 1067008K
  class space    used 2397K, capacity 2475K, committed 2560K, reserved 1048576K
GC Heap History (10 events):
Event: 0.521 GC heap before
{Heap before GC invocations=1 (full 0):
 PSYoungGen      total 18944K, used 16384K [0x00000000eb400000, 0x00000000ec900000, 0x0000000100000000)
  eden space 16384K, 100% used [0x00000000eb400000,0x00000000ec400000,0x00000000ec400000)
  from space 2560K, 0% used [0x00000000ec680000,0x00000000ec680000,0x00000000ec900000)
  to   space 2560K, 0% used [0x00000000ec400000,0x00000000ec400000,0x00000000ec680000)
 ParOldGen       total 44032K, used 0K [0x00000000c1c00000, 0x00000000c4700000, 0x00000000eb400000)
  object space 44032K, 0% used [0x00000000c1c00000,0x00000000c1c00000,0x00000000c4700000)
 Metaspace       used 10469K, capacity 10662K, committed 11008K, reserved 1058816K
  class space    used 1361K, capacity 1443K, committed 1536K, reserved 1048576K
Event: 0.530 GC heap after
Heap after GC invocations=1 (full 0):
 PSYoungGen      total 18944K, used 2528K [0x00000000eb400000, 0x00000000ed900000, 0x0000000100000000)
  eden space 16384K, 0% used [0x00000000eb400000,0x00000000eb400000,0x00000000ec400000)
  from space 2560K, 98% used [0x00000000ec400000,0x00000000ec678030,0x00000000ec680000)
  to   space 2560K, 0% used [0x00000000ed680000,0x00000000ed680000,0x00000000ed900000)
 ParOldGen       total 44032K, used 12911K [0x00000000c1c00000, 0x00000000c4700000, 0x00000000eb400000)
  object space 44032K, 29% used [0x00000000c1c00000,0x00000000c289bed0,0x00000000c4700000)
 Metaspace       used 10469K, capacity 10662K, committed 11008K, reserved 1058816K
  class space    used 1361K, capacity 1443K, committed 1536K, reserved 1048576K
}
Event: 0.636 GC heap before
{Heap before GC invocations=2 (full 0):
 PSYoungGen      total 18944K, used 18912K [0x00000000eb400000, 0x00000000ed900000, 0x0000000100000000)
  eden space 16384K, 100% used [0x00000000eb400000,0x00000000ec400000,0x00000000ec400000)
  from space 2560K, 98% used [0x00000000ec400000,0x00000000ec678030,0x00000000ec680000)
  to   space 2560K, 0% used [0x00000000ed680000,0x00000000ed680000,0x00000000ed900000)
 ParOldGen       total 44032K, used 12911K [0x00000000c1c00000, 0x00000000c4700000, 0x00000000eb400000)
  object space 44032K, 29% used [0x00000000c1c00000,0x00000000c289bed0,0x00000000c4700000)
 Metaspace       used 10533K, capacity 10726K, committed 11008K, reserved 1058816K
  class space    used 1363K, capacity 1443K, committed 1536K, reserved 1048576K
Event: 0.645 GC heap after
Heap after GC invocations=2 (full 0):
 PSYoungGen      total 35328K, used 2544K [0x00000000eb400000, 0x00000000ed900000, 0x0000000100000000)
  eden space 32768K, 0% used [0x00000000eb400000,0x00000000eb400000,0x00000000ed400000)
  from space 2560K, 99% used [0x00000000ed680000,0x00000000ed8fc020,0x00000000ed900000)
  to   space 2560K, 0% used [0x00000000ed400000,0x00000000ed400000,0x00000000ed680000)
 ParOldGen       total 44032K, used 27092K [0x00000000c1c00000, 0x00000000c4700000, 0x00000000eb400000)
  object space 44032K, 61% used [0x00000000c1c00000,0x00000000c36751d0,0x00000000c4700000)
 Metaspace       used 10533K, capacity 10726K, committed 11008K, reserved 1058816K
  class space    used 1363K, capacity 1443K, committed 1536K, reserved 1048576K
}
Event: 0.832 GC heap before
{Heap before GC invocations=3 (full 0):
 PSYoungGen      total 35328K, used 35312K [0x00000000eb400000, 0x00000000ed900000, 0x0000000100000000)
  eden space 32768K, 100% used [0x00000000eb400000,0x00000000ed400000,0x00000000ed400000)
  from space 2560K, 99% used [0x00000000ed680000,0x00000000ed8fc020,0x00000000ed900000)
  to   space 2560K, 0% used [0x00000000ed400000,0x00000000ed400000,0x00000000ed680000)
 ParOldGen       total 44032K, used 27092K [0x00000000c1c00000, 0x00000000c4700000, 0x00000000eb400000)
  object space 44032K, 61% used [0x00000000c1c00000,0x00000000c36751d0,0x00000000c4700000)
 Metaspace       used 10556K, capacity 10726K, committed 11008K, reserved 1058816K
  class space    used 1363K, capacity 1443K, committed 1536K, reserved 1048576K
Event: 0.845 GC heap after
Heap after GC invocations=3 (full 0):
 PSYoungGen      total 35328K, used 2543K [0x00000000eb400000, 0x00000000ef900000, 0x0000000100000000)
  eden space 32768K, 0% used [0x00000000eb400000,0x00000000eb400000,0x00000000ed400000)
  from space 2560K, 99% used [0x00000000ed400000,0x00000000ed67be30,0x00000000ed680000)
  to   space 2560K, 0% used [0x00000000ef680000,0x00000000ef680000,0x00000000ef900000)
 ParOldGen       total 54784K, used 54136K [0x00000000c1c00000, 0x00000000c5180000, 0x00000000eb400000)
  object space 54784K, 98% used [0x00000000c1c00000,0x00000000c50de310,0x00000000c5180000)
 Metaspace       used 10556K, capacity 10726K, committed 11008K, reserved 1058816K
  class space    used 1363K, capacity 1443K, committed 1536K, reserved 1048576K
}
Event: 0.845 GC heap before
{Heap before GC invocations=4 (full 1):
 PSYoungGen      total 35328K, used 2543K [0x00000000eb400000, 0x00000000ef900000, 0x0000000100000000)
  eden space 32768K, 0% used [0x00000000eb400000,0x00000000eb400000,0x00000000ed400000)
  from space 2560K, 99% used [0x00000000ed400000,0x00000000ed67be30,0x00000000ed680000)
  to   space 2560K, 0% used [0x00000000ef680000,0x00000000ef680000,0x00000000ef900000)
 ParOldGen       total 54784K, used 54136K [0x00000000c1c00000, 0x00000000c5180000, 0x00000000eb400000)
  object space 54784K, 98% used [0x00000000c1c00000,0x00000000c50de310,0x00000000c5180000)
 Metaspace       used 10556K, capacity 10726K, committed 11008K, reserved 1058816K
  class space    used 1363K, capacity 1443K, committed 1536K, reserved 1048576K
Event: 0.864 GC heap after
Heap after GC invocations=4 (full 1):
 PSYoungGen      total 35328K, used 0K [0x00000000eb400000, 0x00000000ef900000, 0x0000000100000000)
  eden space 32768K, 0% used [0x00000000eb400000,0x00000000eb400000,0x00000000ed400000)
  from space 2560K, 0% used [0x00000000ed400000,0x00000000ed400000,0x00000000ed680000)
  to   space 2560K, 0% used [0x00000000ef680000,0x00000000ef680000,0x00000000ef900000)
 ParOldGen       total 87040K, used 37700K [0x00000000c1c00000, 0x00000000c7100000, 0x00000000eb400000)
  object space 87040K, 43% used [0x00000000c1c00000,0x00000000c40d13d8,0x00000000c7100000)
 Metaspace       used 10556K, capacity 10726K, committed 11008K, reserved 1058816K
  class space    used 1363K, capacity 1443K, committed 1536K, reserved 1048576K
}
Event: 1.345 GC heap before
{Heap before GC invocations=5 (full 1):
 PSYoungGen      total 35328K, used 32768K [0x00000000eb400000, 0x00000000ef900000, 0x0000000100000000)
  eden space 32768K, 100% used [0x00000000eb400000,0x00000000ed400000,0x00000000ed400000)
  from space 2560K, 0% used [0x00000000ed400000,0x00000000ed400000,0x00000000ed680000)
  to   space 2560K, 0% used [0x00000000ef680000,0x00000000ef680000,0x00000000ef900000)
 ParOldGen       total 87040K, used 37700K [0x00000000c1c00000, 0x00000000c7100000, 0x00000000eb400000)
  object space 87040K, 43% used [0x00000000c1c00000,0x00000000c40d13d8,0x00000000c7100000)
 Metaspace       used 13910K, capacity 14126K, committed 14464K, reserved 1062912K
  class space    used 1754K, capacity 1850K, committed 1920K, reserved 1048576K
Event: 1.353 GC heap after
Heap after GC invocations=5 (full 1):
 PSYoungGen      total 57344K, used 2539K [0x00000000eb400000, 0x00000000ef900000, 0x0000000100000000)
  eden space 54784K, 0% used [0x00000000eb400000,0x00000000eb400000,0x00000000ee980000)
  from space 2560K, 99% used [0x00000000ef680000,0x00000000ef8fafc0,0x00000000ef900000)
  to   space 2560K, 0% used [0x00000000ef400000,0x00000000ef400000,0x00000000ef680000)
 ParOldGen       total 87040K, used 54851K [0x00000000c1c00000, 0x00000000c7100000, 0x00000000eb400000)
  object space 87040K, 63% used [0x00000000c1c00000,0x00000000c5190d98,0x00000000c7100000)
 Metaspace       used 13910K, capacity 14126K, committed 14464K, reserved 1062912K
  class space    used 1754K, capacity 1850K, committed 1920K, reserved 1048576K
}

